[2024-12-19 07:14:03] local.ERROR: SQLSTATE[42S01]: Base table or view already exists: 1050 Table 'training_centers' already exists (Connection: mysql, SQL: create table `training_centers` (`id` bigint unsigned not null auto_increment primary key, `created_at` timestamp null, `updated_at` timestamp null, `name` varchar(255) not null, `description` text not null, `location` varchar(255) not null) default character set utf8mb4 collate 'utf8mb4_unicode_ci') {"exception":"[object] (Illuminate\\Database\\QueryException(code: 42S01): SQLSTATE[42S01]: Base table or view already exists: 1050 Table 'training_centers' already exists (Connection: mysql, SQL: create table `training_centers` (`id` bigint unsigned not null auto_increment primary key, `created_at` timestamp null, `updated_at` timestamp null, `name` varchar(255) not null, `description` text not null, `location` varchar(255) not null) default character set utf8mb4 collate 'utf8mb4_unicode_ci') at C:\\Users\\OLOYEDE\\Desktop\\cohort\\EduTAMS\\Assignments\\laravel\\backend\\vendor\\laravel\\framework\\src\\Illuminate\\Database\\Connection.php:825)
[stacktrace]
#0 C:\\Users\\OLOYEDE\\Desktop\\cohort\\EduTAMS\\Assignments\\laravel\\backend\\vendor\\laravel\\framework\\src\\Illuminate\\Database\\Connection.php(779): Illuminate\\Database\\Connection->runQueryCallback()
#1 C:\\Users\\OLOYEDE\\Desktop\\cohort\\EduTAMS\\Assignments\\laravel\\backend\\vendor\\laravel\\framework\\src\\Illuminate\\Database\\Connection.php(560): Illuminate\\Database\\Connection->run()
#2 C:\\Users\\OLOYEDE\\Desktop\\cohort\\EduTAMS\\Assignments\\laravel\\backend\\vendor\\laravel\\framework\\src\\Illuminate\\Database\\Schema\\Blueprint.php(118): Illuminate\\Database\\Connection->statement()
#3 C:\\Users\\OLOYEDE\\Desktop\\cohort\\EduTAMS\\Assignments\\laravel\\backend\\vendor\\laravel\\framework\\src\\Illuminate\\Database\\Schema\\Builder.php(564): Illuminate\\Database\\Schema\\Blueprint->build()
#4 C:\\Users\\OLOYEDE\\Desktop\\cohort\\EduTAMS\\Assignments\\laravel\\backend\\vendor\\laravel\\framework\\src\\Illuminate\\Database\\Schema\\Builder.php(418): Illuminate\\Database\\Schema\\Builder->build()
#5 C:\\Users\\OLOYEDE\\Desktop\\cohort\\EduTAMS\\Assignments\\laravel\\backend\\vendor\\laravel\\framework\\src\\Illuminate\\Support\\Facades\\Facade.php(359): Illuminate\\Database\\Schema\\Builder->create()
#6 C:\\Users\\OLOYEDE\\Desktop\\cohort\\EduTAMS\\Assignments\\laravel\\backend\\database\\migrations\\2024_12_18_105637_create_training_centers_table.php(14): Illuminate\\Support\\Facades\\Facade::__callStatic()
#7 C:\\Users\\OLOYEDE\\Desktop\\cohort\\EduTAMS\\Assignments\\laravel\\backend\\vendor\\laravel\\framework\\src\\Illuminate\\Database\\Migrations\\Migrator.php(476): Illuminate\\Database\\Migrations\\Migration@anonymous->up()
#8 C:\\Users\\OLOYEDE\\Desktop\\cohort\\EduTAMS\\Assignments\\laravel\\backend\\vendor\\laravel\\framework\\src\\Illuminate\\Database\\Migrations\\Migrator.php(401): Illuminate\\Database\\Migrations\\Migrator->runMethod()
#9 C:\\Users\\OLOYEDE\\Desktop\\cohort\\EduTAMS\\Assignments\\laravel\\backend\\vendor\\laravel\\framework\\src\\Illuminate\\Database\\Migrations\\Migrator.php(410): Illuminate\\Database\\Migrations\\Migrator->Illuminate\\Database\\Migrations\\{closure}()
#10 C:\\Users\\OLOYEDE\\Desktop\\cohort\\EduTAMS\\Assignments\\laravel\\backend\\vendor\\laravel\\framework\\src\\Illuminate\\Database\\Migrations\\Migrator.php(213): Illuminate\\Database\\Migrations\\Migrator->runMigration()
#11 C:\\Users\\OLOYEDE\\Desktop\\cohort\\EduTAMS\\Assignments\\laravel\\backend\\vendor\\laravel\\framework\\src\\Illuminate\\Console\\View\\Components\\Task.php(40): Illuminate\\Database\\Migrations\\Migrator->Illuminate\\Database\\Migrations\\{closure}()
#12 C:\\Users\\OLOYEDE\\Desktop\\cohort\\EduTAMS\\Assignments\\laravel\\backend\\vendor\\laravel\\framework\\src\\Illuminate\\Database\\Migrations\\Migrator.php(737): Illuminate\\Console\\View\\Components\\Task->render()
#13 C:\\Users\\OLOYEDE\\Desktop\\cohort\\EduTAMS\\Assignments\\laravel\\backend\\vendor\\laravel\\framework\\src\\Illuminate\\Database\\Migrations\\Migrator.php(213): Illuminate\\Database\\Migrations\\Migrator->write()
#14 C:\\Users\\OLOYEDE\\Desktop\\cohort\\EduTAMS\\Assignments\\laravel\\backend\\vendor\\laravel\\framework\\src\\Illuminate\\Database\\Migrations\\Migrator.php(180): Illuminate\\Database\\Migrations\\Migrator->runUp()
#15 C:\\Users\\OLOYEDE\\Desktop\\cohort\\EduTAMS\\Assignments\\laravel\\backend\\vendor\\laravel\\framework\\src\\Illuminate\\Database\\Migrations\\Migrator.php(123): Illuminate\\Database\\Migrations\\Migrator->runPending()
#16 C:\\Users\\OLOYEDE\\Desktop\\cohort\\EduTAMS\\Assignments\\laravel\\backend\\vendor\\laravel\\framework\\src\\Illuminate\\Database\\Console\\Migrations\\MigrateCommand.php(116): Illuminate\\Database\\Migrations\\Migrator->run()
#17 C:\\Users\\OLOYEDE\\Desktop\\cohort\\EduTAMS\\Assignments\\laravel\\backend\\vendor\\laravel\\framework\\src\\Illuminate\\Database\\Migrations\\Migrator.php(616): Illuminate\\Database\\Console\\Migrations\\MigrateCommand->Illuminate\\Database\\Console\\Migrations\\{closure}()
#18 C:\\Users\\OLOYEDE\\Desktop\\cohort\\EduTAMS\\Assignments\\laravel\\backend\\vendor\\laravel\\framework\\src\\Illuminate\\Database\\Console\\Migrations\\MigrateCommand.php(109): Illuminate\\Database\\Migrations\\Migrator->usingConnection()
#19 C:\\Users\\OLOYEDE\\Desktop\\cohort\\EduTAMS\\Assignments\\laravel\\backend\\vendor\\laravel\\framework\\src\\Illuminate\\Database\\Console\\Migrations\\MigrateCommand.php(88): Illuminate\\Database\\Console\\Migrations\\MigrateCommand->runMigrations()
#20 C:\\Users\\OLOYEDE\\Desktop\\cohort\\EduTAMS\\Assignments\\laravel\\backend\\vendor\\laravel\\framework\\src\\Illuminate\\Container\\BoundMethod.php(36): Illuminate\\Database\\Console\\Migrations\\MigrateCommand->handle()
#21 C:\\Users\\OLOYEDE\\Desktop\\cohort\\EduTAMS\\Assignments\\laravel\\backend\\vendor\\laravel\\framework\\src\\Illuminate\\Container\\Util.php(43): Illuminate\\Container\\BoundMethod::Illuminate\\Container\\{closure}()
#22 C:\\Users\\OLOYEDE\\Desktop\\cohort\\EduTAMS\\Assignments\\laravel\\backend\\vendor\\laravel\\framework\\src\\Illuminate\\Container\\BoundMethod.php(95): Illuminate\\Container\\Util::unwrapIfClosure()
#23 C:\\Users\\OLOYEDE\\Desktop\\cohort\\EduTAMS\\Assignments\\laravel\\backend\\vendor\\laravel\\framework\\src\\Illuminate\\Container\\BoundMethod.php(35): Illuminate\\Container\\BoundMethod::callBoundMethod()
#24 C:\\Users\\OLOYEDE\\Desktop\\cohort\\EduTAMS\\Assignments\\laravel\\backend\\vendor\\laravel\\framework\\src\\Illuminate\\Container\\Container.php(694): Illuminate\\Container\\BoundMethod::call()
#25 C:\\Users\\OLOYEDE\\Desktop\\cohort\\EduTAMS\\Assignments\\laravel\\backend\\vendor\\laravel\\framework\\src\\Illuminate\\Console\\Command.php(213): Illuminate\\Container\\Container->call()
#26 C:\\Users\\OLOYEDE\\Desktop\\cohort\\EduTAMS\\Assignments\\laravel\\backend\\vendor\\symfony\\console\\Command\\Command.php(279): Illuminate\\Console\\Command->execute()
#27 C:\\Users\\OLOYEDE\\Desktop\\cohort\\EduTAMS\\Assignments\\laravel\\backend\\vendor\\laravel\\framework\\src\\Illuminate\\Console\\Command.php(182): Symfony\\Component\\Console\\Command\\Command->run()
#28 C:\\Users\\OLOYEDE\\Desktop\\cohort\\EduTAMS\\Assignments\\laravel\\backend\\vendor\\laravel\\framework\\src\\Illuminate\\Console\\Concerns\\CallsCommands.php(68): Illuminate\\Console\\Command->run()
#29 C:\\Users\\OLOYEDE\\Desktop\\cohort\\EduTAMS\\Assignments\\laravel\\backend\\vendor\\laravel\\framework\\src\\Illuminate\\Console\\Concerns\\CallsCommands.php(29): Illuminate\\Console\\Command->runCommand()
#30 C:\\Users\\OLOYEDE\\Desktop\\cohort\\EduTAMS\\Assignments\\laravel\\backend\\vendor\\laravel\\framework\\src\\Illuminate\\Foundation\\Console\\ApiInstallCommand.php(80): Illuminate\\Console\\Command->call()
#31 C:\\Users\\OLOYEDE\\Desktop\\cohort\\EduTAMS\\Assignments\\laravel\\backend\\vendor\\laravel\\framework\\src\\Illuminate\\Container\\BoundMethod.php(36): Illuminate\\Foundation\\Console\\ApiInstallCommand->handle()
#32 C:\\Users\\OLOYEDE\\Desktop\\cohort\\EduTAMS\\Assignments\\laravel\\backend\\vendor\\laravel\\framework\\src\\Illuminate\\Container\\Util.php(43): Illuminate\\Container\\BoundMethod::Illuminate\\Container\\{closure}()
#33 C:\\Users\\OLOYEDE\\Desktop\\cohort\\EduTAMS\\Assignments\\laravel\\backend\\vendor\\laravel\\framework\\src\\Illuminate\\Container\\BoundMethod.php(95): Illuminate\\Container\\Util::unwrapIfClosure()
#34 C:\\Users\\OLOYEDE\\Desktop\\cohort\\EduTAMS\\Assignments\\laravel\\backend\\vendor\\laravel\\framework\\src\\Illuminate\\Container\\BoundMethod.php(35): Illuminate\\Container\\BoundMethod::callBoundMethod()
#35 C:\\Users\\OLOYEDE\\Desktop\\cohort\\EduTAMS\\Assignments\\laravel\\backend\\vendor\\laravel\\framework\\src\\Illuminate\\Container\\Container.php(694): Illuminate\\Container\\BoundMethod::call()
#36 C:\\Users\\OLOYEDE\\Desktop\\cohort\\EduTAMS\\Assignments\\laravel\\backend\\vendor\\laravel\\framework\\src\\Illuminate\\Console\\Command.php(213): Illuminate\\Container\\Container->call()
#37 C:\\Users\\OLOYEDE\\Desktop\\cohort\\EduTAMS\\Assignments\\laravel\\backend\\vendor\\symfony\\console\\Command\\Command.php(279): Illuminate\\Console\\Command->execute()
#38 C:\\Users\\OLOYEDE\\Desktop\\cohort\\EduTAMS\\Assignments\\laravel\\backend\\vendor\\laravel\\framework\\src\\Illuminate\\Console\\Command.php(182): Symfony\\Component\\Console\\Command\\Command->run()
#39 C:\\Users\\OLOYEDE\\Desktop\\cohort\\EduTAMS\\Assignments\\laravel\\backend\\vendor\\symfony\\console\\Application.php(1094): Illuminate\\Console\\Command->run()
#40 C:\\Users\\OLOYEDE\\Desktop\\cohort\\EduTAMS\\Assignments\\laravel\\backend\\vendor\\symfony\\console\\Application.php(342): Symfony\\Component\\Console\\Application->doRunCommand()
#41 C:\\Users\\OLOYEDE\\Desktop\\cohort\\EduTAMS\\Assignments\\laravel\\backend\\vendor\\symfony\\console\\Application.php(193): Symfony\\Component\\Console\\Application->doRun()
#42 C:\\Users\\OLOYEDE\\Desktop\\cohort\\EduTAMS\\Assignments\\laravel\\backend\\vendor\\laravel\\framework\\src\\Illuminate\\Foundation\\Console\\Kernel.php(198): Symfony\\Component\\Console\\Application->run()
#43 C:\\Users\\OLOYEDE\\Desktop\\cohort\\EduTAMS\\Assignments\\laravel\\backend\\vendor\\laravel\\framework\\src\\Illuminate\\Foundation\\Application.php(1205): Illuminate\\Foundation\\Console\\Kernel->handle()
#44 C:\\Users\\OLOYEDE\\Desktop\\cohort\\EduTAMS\\Assignments\\laravel\\backend\\artisan(13): Illuminate\\Foundation\\Application->handleCommand()
#45 {main}

[previous exception] [object] (PDOException(code: 42S01): SQLSTATE[42S01]: Base table or view already exists: 1050 Table 'training_centers' already exists at C:\\Users\\OLOYEDE\\Desktop\\cohort\\EduTAMS\\Assignments\\laravel\\backend\\vendor\\laravel\\framework\\src\\Illuminate\\Database\\Connection.php:571)
[stacktrace]
#0 C:\\Users\\OLOYEDE\\Desktop\\cohort\\EduTAMS\\Assignments\\laravel\\backend\\vendor\\laravel\\framework\\src\\Illuminate\\Database\\Connection.php(571): PDOStatement->execute()
#1 C:\\Users\\OLOYEDE\\Desktop\\cohort\\EduTAMS\\Assignments\\laravel\\backend\\vendor\\laravel\\framework\\src\\Illuminate\\Database\\Connection.php(812): Illuminate\\Database\\Connection->Illuminate\\Database\\{closure}()
#2 C:\\Users\\OLOYEDE\\Desktop\\cohort\\EduTAMS\\Assignments\\laravel\\backend\\vendor\\laravel\\framework\\src\\Illuminate\\Database\\Connection.php(779): Illuminate\\Database\\Connection->runQueryCallback()
#3 C:\\Users\\OLOYEDE\\Desktop\\cohort\\EduTAMS\\Assignments\\laravel\\backend\\vendor\\laravel\\framework\\src\\Illuminate\\Database\\Connection.php(560): Illuminate\\Database\\Connection->run()
#4 C:\\Users\\OLOYEDE\\Desktop\\cohort\\EduTAMS\\Assignments\\laravel\\backend\\vendor\\laravel\\framework\\src\\Illuminate\\Database\\Schema\\Blueprint.php(118): Illuminate\\Database\\Connection->statement()
#5 C:\\Users\\OLOYEDE\\Desktop\\cohort\\EduTAMS\\Assignments\\laravel\\backend\\vendor\\laravel\\framework\\src\\Illuminate\\Database\\Schema\\Builder.php(564): Illuminate\\Database\\Schema\\Blueprint->build()
#6 C:\\Users\\OLOYEDE\\Desktop\\cohort\\EduTAMS\\Assignments\\laravel\\backend\\vendor\\laravel\\framework\\src\\Illuminate\\Database\\Schema\\Builder.php(418): Illuminate\\Database\\Schema\\Builder->build()
#7 C:\\Users\\OLOYEDE\\Desktop\\cohort\\EduTAMS\\Assignments\\laravel\\backend\\vendor\\laravel\\framework\\src\\Illuminate\\Support\\Facades\\Facade.php(359): Illuminate\\Database\\Schema\\Builder->create()
#8 C:\\Users\\OLOYEDE\\Desktop\\cohort\\EduTAMS\\Assignments\\laravel\\backend\\database\\migrations\\2024_12_18_105637_create_training_centers_table.php(14): Illuminate\\Support\\Facades\\Facade::__callStatic()
#9 C:\\Users\\OLOYEDE\\Desktop\\cohort\\EduTAMS\\Assignments\\laravel\\backend\\vendor\\laravel\\framework\\src\\Illuminate\\Database\\Migrations\\Migrator.php(476): Illuminate\\Database\\Migrations\\Migration@anonymous->up()
#10 C:\\Users\\OLOYEDE\\Desktop\\cohort\\EduTAMS\\Assignments\\laravel\\backend\\vendor\\laravel\\framework\\src\\Illuminate\\Database\\Migrations\\Migrator.php(401): Illuminate\\Database\\Migrations\\Migrator->runMethod()
#11 C:\\Users\\OLOYEDE\\Desktop\\cohort\\EduTAMS\\Assignments\\laravel\\backend\\vendor\\laravel\\framework\\src\\Illuminate\\Database\\Migrations\\Migrator.php(410): Illuminate\\Database\\Migrations\\Migrator->Illuminate\\Database\\Migrations\\{closure}()
#12 C:\\Users\\OLOYEDE\\Desktop\\cohort\\EduTAMS\\Assignments\\laravel\\backend\\vendor\\laravel\\framework\\src\\Illuminate\\Database\\Migrations\\Migrator.php(213): Illuminate\\Database\\Migrations\\Migrator->runMigration()
#13 C:\\Users\\OLOYEDE\\Desktop\\cohort\\EduTAMS\\Assignments\\laravel\\backend\\vendor\\laravel\\framework\\src\\Illuminate\\Console\\View\\Components\\Task.php(40): Illuminate\\Database\\Migrations\\Migrator->Illuminate\\Database\\Migrations\\{closure}()
#14 C:\\Users\\OLOYEDE\\Desktop\\cohort\\EduTAMS\\Assignments\\laravel\\backend\\vendor\\laravel\\framework\\src\\Illuminate\\Database\\Migrations\\Migrator.php(737): Illuminate\\Console\\View\\Components\\Task->render()
#15 C:\\Users\\OLOYEDE\\Desktop\\cohort\\EduTAMS\\Assignments\\laravel\\backend\\vendor\\laravel\\framework\\src\\Illuminate\\Database\\Migrations\\Migrator.php(213): Illuminate\\Database\\Migrations\\Migrator->write()
#16 C:\\Users\\OLOYEDE\\Desktop\\cohort\\EduTAMS\\Assignments\\laravel\\backend\\vendor\\laravel\\framework\\src\\Illuminate\\Database\\Migrations\\Migrator.php(180): Illuminate\\Database\\Migrations\\Migrator->runUp()
#17 C:\\Users\\OLOYEDE\\Desktop\\cohort\\EduTAMS\\Assignments\\laravel\\backend\\vendor\\laravel\\framework\\src\\Illuminate\\Database\\Migrations\\Migrator.php(123): Illuminate\\Database\\Migrations\\Migrator->runPending()
#18 C:\\Users\\OLOYEDE\\Desktop\\cohort\\EduTAMS\\Assignments\\laravel\\backend\\vendor\\laravel\\framework\\src\\Illuminate\\Database\\Console\\Migrations\\MigrateCommand.php(116): Illuminate\\Database\\Migrations\\Migrator->run()
#19 C:\\Users\\OLOYEDE\\Desktop\\cohort\\EduTAMS\\Assignments\\laravel\\backend\\vendor\\laravel\\framework\\src\\Illuminate\\Database\\Migrations\\Migrator.php(616): Illuminate\\Database\\Console\\Migrations\\MigrateCommand->Illuminate\\Database\\Console\\Migrations\\{closure}()
#20 C:\\Users\\OLOYEDE\\Desktop\\cohort\\EduTAMS\\Assignments\\laravel\\backend\\vendor\\laravel\\framework\\src\\Illuminate\\Database\\Console\\Migrations\\MigrateCommand.php(109): Illuminate\\Database\\Migrations\\Migrator->usingConnection()
#21 C:\\Users\\OLOYEDE\\Desktop\\cohort\\EduTAMS\\Assignments\\laravel\\backend\\vendor\\laravel\\framework\\src\\Illuminate\\Database\\Console\\Migrations\\MigrateCommand.php(88): Illuminate\\Database\\Console\\Migrations\\MigrateCommand->runMigrations()
#22 C:\\Users\\OLOYEDE\\Desktop\\cohort\\EduTAMS\\Assignments\\laravel\\backend\\vendor\\laravel\\framework\\src\\Illuminate\\Container\\BoundMethod.php(36): Illuminate\\Database\\Console\\Migrations\\MigrateCommand->handle()
#23 C:\\Users\\OLOYEDE\\Desktop\\cohort\\EduTAMS\\Assignments\\laravel\\backend\\vendor\\laravel\\framework\\src\\Illuminate\\Container\\Util.php(43): Illuminate\\Container\\BoundMethod::Illuminate\\Container\\{closure}()
#24 C:\\Users\\OLOYEDE\\Desktop\\cohort\\EduTAMS\\Assignments\\laravel\\backend\\vendor\\laravel\\framework\\src\\Illuminate\\Container\\BoundMethod.php(95): Illuminate\\Container\\Util::unwrapIfClosure()
#25 C:\\Users\\OLOYEDE\\Desktop\\cohort\\EduTAMS\\Assignments\\laravel\\backend\\vendor\\laravel\\framework\\src\\Illuminate\\Container\\BoundMethod.php(35): Illuminate\\Container\\BoundMethod::callBoundMethod()
#26 C:\\Users\\OLOYEDE\\Desktop\\cohort\\EduTAMS\\Assignments\\laravel\\backend\\vendor\\laravel\\framework\\src\\Illuminate\\Container\\Container.php(694): Illuminate\\Container\\BoundMethod::call()
#27 C:\\Users\\OLOYEDE\\Desktop\\cohort\\EduTAMS\\Assignments\\laravel\\backend\\vendor\\laravel\\framework\\src\\Illuminate\\Console\\Command.php(213): Illuminate\\Container\\Container->call()
#28 C:\\Users\\OLOYEDE\\Desktop\\cohort\\EduTAMS\\Assignments\\laravel\\backend\\vendor\\symfony\\console\\Command\\Command.php(279): Illuminate\\Console\\Command->execute()
#29 C:\\Users\\OLOYEDE\\Desktop\\cohort\\EduTAMS\\Assignments\\laravel\\backend\\vendor\\laravel\\framework\\src\\Illuminate\\Console\\Command.php(182): Symfony\\Component\\Console\\Command\\Command->run()
#30 C:\\Users\\OLOYEDE\\Desktop\\cohort\\EduTAMS\\Assignments\\laravel\\backend\\vendor\\laravel\\framework\\src\\Illuminate\\Console\\Concerns\\CallsCommands.php(68): Illuminate\\Console\\Command->run()
#31 C:\\Users\\OLOYEDE\\Desktop\\cohort\\EduTAMS\\Assignments\\laravel\\backend\\vendor\\laravel\\framework\\src\\Illuminate\\Console\\Concerns\\CallsCommands.php(29): Illuminate\\Console\\Command->runCommand()
#32 C:\\Users\\OLOYEDE\\Desktop\\cohort\\EduTAMS\\Assignments\\laravel\\backend\\vendor\\laravel\\framework\\src\\Illuminate\\Foundation\\Console\\ApiInstallCommand.php(80): Illuminate\\Console\\Command->call()
#33 C:\\Users\\OLOYEDE\\Desktop\\cohort\\EduTAMS\\Assignments\\laravel\\backend\\vendor\\laravel\\framework\\src\\Illuminate\\Container\\BoundMethod.php(36): Illuminate\\Foundation\\Console\\ApiInstallCommand->handle()
#34 C:\\Users\\OLOYEDE\\Desktop\\cohort\\EduTAMS\\Assignments\\laravel\\backend\\vendor\\laravel\\framework\\src\\Illuminate\\Container\\Util.php(43): Illuminate\\Container\\BoundMethod::Illuminate\\Container\\{closure}()
#35 C:\\Users\\OLOYEDE\\Desktop\\cohort\\EduTAMS\\Assignments\\laravel\\backend\\vendor\\laravel\\framework\\src\\Illuminate\\Container\\BoundMethod.php(95): Illuminate\\Container\\Util::unwrapIfClosure()
#36 C:\\Users\\OLOYEDE\\Desktop\\cohort\\EduTAMS\\Assignments\\laravel\\backend\\vendor\\laravel\\framework\\src\\Illuminate\\Container\\BoundMethod.php(35): Illuminate\\Container\\BoundMethod::callBoundMethod()
#37 C:\\Users\\OLOYEDE\\Desktop\\cohort\\EduTAMS\\Assignments\\laravel\\backend\\vendor\\laravel\\framework\\src\\Illuminate\\Container\\Container.php(694): Illuminate\\Container\\BoundMethod::call()
#38 C:\\Users\\OLOYEDE\\Desktop\\cohort\\EduTAMS\\Assignments\\laravel\\backend\\vendor\\laravel\\framework\\src\\Illuminate\\Console\\Command.php(213): Illuminate\\Container\\Container->call()
#39 C:\\Users\\OLOYEDE\\Desktop\\cohort\\EduTAMS\\Assignments\\laravel\\backend\\vendor\\symfony\\console\\Command\\Command.php(279): Illuminate\\Console\\Command->execute()
#40 C:\\Users\\OLOYEDE\\Desktop\\cohort\\EduTAMS\\Assignments\\laravel\\backend\\vendor\\laravel\\framework\\src\\Illuminate\\Console\\Command.php(182): Symfony\\Component\\Console\\Command\\Command->run()
#41 C:\\Users\\OLOYEDE\\Desktop\\cohort\\EduTAMS\\Assignments\\laravel\\backend\\vendor\\symfony\\console\\Application.php(1094): Illuminate\\Console\\Command->run()
#42 C:\\Users\\OLOYEDE\\Desktop\\cohort\\EduTAMS\\Assignments\\laravel\\backend\\vendor\\symfony\\console\\Application.php(342): Symfony\\Component\\Console\\Application->doRunCommand()
#43 C:\\Users\\OLOYEDE\\Desktop\\cohort\\EduTAMS\\Assignments\\laravel\\backend\\vendor\\symfony\\console\\Application.php(193): Symfony\\Component\\Console\\Application->doRun()
#44 C:\\Users\\OLOYEDE\\Desktop\\cohort\\EduTAMS\\Assignments\\laravel\\backend\\vendor\\laravel\\framework\\src\\Illuminate\\Foundation\\Console\\Kernel.php(198): Symfony\\Component\\Console\\Application->run()
#45 C:\\Users\\OLOYEDE\\Desktop\\cohort\\EduTAMS\\Assignments\\laravel\\backend\\vendor\\laravel\\framework\\src\\Illuminate\\Foundation\\Application.php(1205): Illuminate\\Foundation\\Console\\Kernel->handle()
#46 C:\\Users\\OLOYEDE\\Desktop\\cohort\\EduTAMS\\Assignments\\laravel\\backend\\artisan(13): Illuminate\\Foundation\\Application->handleCommand()
#47 {main}
"} 
